{"/Users/badg/Documents/repos/fso/exercises/bloglist-frontend/src/App.jsx": {"path":"/Users/badg/Documents/repos/fso/exercises/bloglist-frontend/src/App.jsx","statementMap":{"0":{"start":{"line":9,"column":12},"end":{"line":145,"column":1}},"1":{"start":{"line":10,"column":30},"end":{"line":10,"column":42}},"2":{"start":{"line":11,"column":28},"end":{"line":11,"column":42}},"3":{"start":{"line":12,"column":34},"end":{"line":12,"column":48}},"4":{"start":{"line":13,"column":38},"end":{"line":13,"column":52}},"5":{"start":{"line":15,"column":27},"end":{"line":15,"column":35}},"6":{"start":{"line":17,"column":29},"end":{"line":25,"column":5}},"7":{"start":{"line":18,"column":8},"end":{"line":18,"column":27}},"8":{"start":{"line":19,"column":8},"end":{"line":19,"column":34}},"9":{"start":{"line":21,"column":8},"end":{"line":24,"column":16}},"10":{"start":{"line":22,"column":12},"end":{"line":22,"column":28}},"11":{"start":{"line":23,"column":12},"end":{"line":23,"column":30}},"12":{"start":{"line":27,"column":4},"end":{"line":38,"column":10}},"13":{"start":{"line":28,"column":8},"end":{"line":28,"column":61}},"14":{"start":{"line":28,"column":45},"end":{"line":28,"column":60}},"15":{"start":{"line":31,"column":29},"end":{"line":33,"column":9}},"16":{"start":{"line":34,"column":8},"end":{"line":37,"column":9}},"17":{"start":{"line":35,"column":12},"end":{"line":35,"column":52}},"18":{"start":{"line":36,"column":12},"end":{"line":36,"column":33}},"19":{"start":{"line":40,"column":19},"end":{"line":43,"column":5}},"20":{"start":{"line":41,"column":8},"end":{"line":41,"column":52}},"21":{"start":{"line":42,"column":8},"end":{"line":42,"column":21}},"22":{"start":{"line":45,"column":18},"end":{"line":58,"column":5}},"23":{"start":{"line":46,"column":8},"end":{"line":57,"column":11}},"24":{"start":{"line":49,"column":16},"end":{"line":55,"column":18}},"25":{"start":{"line":60,"column":20},"end":{"line":73,"column":5}},"26":{"start":{"line":61,"column":8},"end":{"line":72,"column":9}},"27":{"start":{"line":62,"column":12},"end":{"line":62,"column":53}},"28":{"start":{"line":63,"column":28},"end":{"line":63,"column":63}},"29":{"start":{"line":64,"column":12},"end":{"line":64,"column":60}},"30":{"start":{"line":64,"column":36},"end":{"line":64,"column":59}},"31":{"start":{"line":65,"column":12},"end":{"line":68,"column":13}},"32":{"start":{"line":70,"column":12},"end":{"line":70,"column":28}},"33":{"start":{"line":71,"column":12},"end":{"line":71,"column":69}},"34":{"start":{"line":75,"column":21},"end":{"line":90,"column":5}},"35":{"start":{"line":76,"column":8},"end":{"line":89,"column":9}},"36":{"start":{"line":77,"column":12},"end":{"line":77,"column":33}},"37":{"start":{"line":79,"column":30},"end":{"line":79,"column":66}},"38":{"start":{"line":81,"column":12},"end":{"line":86,"column":14}},"39":{"start":{"line":82,"column":37},"end":{"line":84,"column":17}},"40":{"start":{"line":83,"column":20},"end":{"line":83,"column":64}},"41":{"start":{"line":85,"column":16},"end":{"line":85,"column":40}},"42":{"start":{"line":88,"column":12},"end":{"line":88,"column":28}},"43":{"start":{"line":92,"column":23},"end":{"line":107,"column":5}},"44":{"start":{"line":93,"column":8},"end":{"line":106,"column":9}},"45":{"start":{"line":94,"column":12},"end":{"line":103,"column":13}},"46":{"start":{"line":95,"column":36},"end":{"line":95,"column":76}},"47":{"start":{"line":97,"column":16},"end":{"line":102,"column":18}},"48":{"start":{"line":98,"column":41},"end":{"line":100,"column":21}},"49":{"start":{"line":99,"column":34},"end":{"line":99,"column":60}},"50":{"start":{"line":101,"column":20},"end":{"line":101,"column":44}},"51":{"start":{"line":105,"column":12},"end":{"line":105,"column":28}},"52":{"start":{"line":109,"column":4},"end":{"line":144,"column":5}},"53":{"start":{"line":123,"column":43},"end":{"line":123,"column":51}}},"fnMap":{"0":{"name":"(anonymous_0)","decl":{"start":{"line":9,"column":12},"end":{"line":9,"column":13}},"loc":{"start":{"line":9,"column":18},"end":{"line":145,"column":1}},"line":9},"1":{"name":"(anonymous_1)","decl":{"start":{"line":17,"column":29},"end":{"line":17,"column":30}},"loc":{"start":{"line":17,"column":63},"end":{"line":25,"column":5}},"line":17},"2":{"name":"(anonymous_2)","decl":{"start":{"line":21,"column":19},"end":{"line":21,"column":20}},"loc":{"start":{"line":21,"column":25},"end":{"line":24,"column":9}},"line":21},"3":{"name":"(anonymous_3)","decl":{"start":{"line":27,"column":14},"end":{"line":27,"column":15}},"loc":{"start":{"line":27,"column":20},"end":{"line":38,"column":5}},"line":27},"4":{"name":"(anonymous_4)","decl":{"start":{"line":28,"column":34},"end":{"line":28,"column":35}},"loc":{"start":{"line":28,"column":45},"end":{"line":28,"column":60}},"line":28},"5":{"name":"(anonymous_5)","decl":{"start":{"line":40,"column":19},"end":{"line":40,"column":20}},"loc":{"start":{"line":40,"column":25},"end":{"line":43,"column":5}},"line":40},"6":{"name":"(anonymous_6)","decl":{"start":{"line":45,"column":18},"end":{"line":45,"column":19}},"loc":{"start":{"line":46,"column":8},"end":{"line":57,"column":11}},"line":46},"7":{"name":"(anonymous_7)","decl":{"start":{"line":48,"column":23},"end":{"line":48,"column":24}},"loc":{"start":{"line":49,"column":16},"end":{"line":55,"column":18}},"line":49},"8":{"name":"(anonymous_8)","decl":{"start":{"line":60,"column":20},"end":{"line":60,"column":21}},"loc":{"start":{"line":60,"column":42},"end":{"line":73,"column":5}},"line":60},"9":{"name":"(anonymous_9)","decl":{"start":{"line":64,"column":21},"end":{"line":64,"column":22}},"loc":{"start":{"line":64,"column":36},"end":{"line":64,"column":59}},"line":64},"10":{"name":"(anonymous_10)","decl":{"start":{"line":75,"column":21},"end":{"line":75,"column":22}},"loc":{"start":{"line":75,"column":43},"end":{"line":90,"column":5}},"line":75},"11":{"name":"(anonymous_11)","decl":{"start":{"line":81,"column":21},"end":{"line":81,"column":22}},"loc":{"start":{"line":81,"column":36},"end":{"line":86,"column":13}},"line":81},"12":{"name":"(anonymous_12)","decl":{"start":{"line":82,"column":51},"end":{"line":82,"column":52}},"loc":{"start":{"line":83,"column":20},"end":{"line":83,"column":64}},"line":83},"13":{"name":"(anonymous_13)","decl":{"start":{"line":92,"column":23},"end":{"line":92,"column":24}},"loc":{"start":{"line":92,"column":45},"end":{"line":107,"column":5}},"line":92},"14":{"name":"(anonymous_14)","decl":{"start":{"line":97,"column":25},"end":{"line":97,"column":26}},"loc":{"start":{"line":97,"column":40},"end":{"line":102,"column":17}},"line":97},"15":{"name":"(anonymous_15)","decl":{"start":{"line":99,"column":24},"end":{"line":99,"column":25}},"loc":{"start":{"line":99,"column":34},"end":{"line":99,"column":60}},"line":99},"16":{"name":"(anonymous_16)","decl":{"start":{"line":123,"column":37},"end":{"line":123,"column":38}},"loc":{"start":{"line":123,"column":43},"end":{"line":123,"column":51}},"line":123}},"branchMap":{"0":{"loc":{"start":{"line":17,"column":39},"end":{"line":17,"column":58}},"type":"default-arg","locations":[{"start":{"line":17,"column":54},"end":{"line":17,"column":58}}],"line":17},"1":{"loc":{"start":{"line":34,"column":8},"end":{"line":37,"column":9}},"type":"if","locations":[{"start":{"line":34,"column":8},"end":{"line":37,"column":9}},{"start":{},"end":{}}],"line":34},"2":{"loc":{"start":{"line":83,"column":20},"end":{"line":83,"column":64}},"type":"cond-expr","locations":[{"start":{"line":83,"column":48},"end":{"line":83,"column":57}},{"start":{"line":83,"column":60},"end":{"line":83,"column":64}}],"line":83},"3":{"loc":{"start":{"line":94,"column":12},"end":{"line":103,"column":13}},"type":"if","locations":[{"start":{"line":94,"column":12},"end":{"line":103,"column":13}},{"start":{},"end":{}}],"line":94},"4":{"loc":{"start":{"line":111,"column":13},"end":{"line":116,"column":13}},"type":"binary-expr","locations":[{"start":{"line":111,"column":13},"end":{"line":111,"column":20}},{"start":{"line":112,"column":16},"end":{"line":115,"column":18}}],"line":111},"5":{"loc":{"start":{"line":117,"column":13},"end":{"line":142,"column":13}},"type":"cond-expr","locations":[{"start":{"line":118,"column":16},"end":{"line":133,"column":19}},{"start":{"line":135,"column":16},"end":{"line":141,"column":29}}],"line":117}},"s":{"0":0,"1":0,"2":0,"3":0,"4":0,"5":0,"6":0,"7":0,"8":0,"9":0,"10":0,"11":0,"12":0,"13":0,"14":0,"15":0,"16":0,"17":0,"18":0,"19":0,"20":0,"21":0,"22":0,"23":0,"24":0,"25":0,"26":0,"27":0,"28":0,"29":0,"30":0,"31":0,"32":0,"33":0,"34":0,"35":0,"36":0,"37":0,"38":0,"39":0,"40":0,"41":0,"42":0,"43":0,"44":0,"45":0,"46":0,"47":0,"48":0,"49":0,"50":0,"51":0,"52":0,"53":0},"f":{"0":0,"1":0,"2":0,"3":0,"4":0,"5":0,"6":0,"7":0,"8":0,"9":0,"10":0,"11":0,"12":0,"13":0,"14":0,"15":0,"16":0},"b":{"0":[0],"1":[0,0],"2":[0,0],"3":[0,0],"4":[0,0],"5":[0,0]}}
,"/Users/badg/Documents/repos/fso/exercises/bloglist-frontend/src/main.jsx": {"path":"/Users/badg/Documents/repos/fso/exercises/bloglist-frontend/src/main.jsx","statementMap":{"0":{"start":{"line":4,"column":0},"end":{"line":4,"column":68}}},"fnMap":{},"branchMap":{},"s":{"0":0},"f":{},"b":{}}
,"/Users/badg/Documents/repos/fso/exercises/bloglist-frontend/src/components/Blog.jsx": {"path":"/Users/badg/Documents/repos/fso/exercises/bloglist-frontend/src/components/Blog.jsx","statementMap":{"0":{"start":{"line":3,"column":13},"end":{"line":48,"column":1}},"1":{"start":{"line":4,"column":42},"end":{"line":4,"column":57}},"2":{"start":{"line":6,"column":22},"end":{"line":12,"column":5}},"3":{"start":{"line":14,"column":4},"end":{"line":47,"column":5}},"4":{"start":{"line":21,"column":31},"end":{"line":21,"column":59}},"5":{"start":{"line":33,"column":39},"end":{"line":33,"column":53}},"6":{"start":{"line":40,"column":43},"end":{"line":40,"column":59}}},"fnMap":{"0":{"name":"(anonymous_0)","decl":{"start":{"line":3,"column":13},"end":{"line":3,"column":14}},"loc":{"start":{"line":3,"column":55},"end":{"line":48,"column":1}},"line":3},"1":{"name":"(anonymous_1)","decl":{"start":{"line":21,"column":25},"end":{"line":21,"column":26}},"loc":{"start":{"line":21,"column":31},"end":{"line":21,"column":59}},"line":21},"2":{"name":"(anonymous_2)","decl":{"start":{"line":33,"column":33},"end":{"line":33,"column":34}},"loc":{"start":{"line":33,"column":39},"end":{"line":33,"column":53}},"line":33},"3":{"name":"(anonymous_3)","decl":{"start":{"line":40,"column":37},"end":{"line":40,"column":38}},"loc":{"start":{"line":40,"column":43},"end":{"line":40,"column":59}},"line":40}},"branchMap":{"0":{"loc":{"start":{"line":17,"column":43},"end":{"line":17,"column":73}},"type":"binary-expr","locations":[{"start":{"line":17,"column":43},"end":{"line":17,"column":58}},{"start":{"line":17,"column":62},"end":{"line":17,"column":73}}],"line":17},"1":{"loc":{"start":{"line":22,"column":17},"end":{"line":22,"column":47}},"type":"cond-expr","locations":[{"start":{"line":22,"column":32},"end":{"line":22,"column":38}},{"start":{"line":22,"column":41},"end":{"line":22,"column":47}}],"line":22},"2":{"loc":{"start":{"line":25,"column":13},"end":{"line":45,"column":13}},"type":"binary-expr","locations":[{"start":{"line":25,"column":13},"end":{"line":25,"column":24}},{"start":{"line":26,"column":16},"end":{"line":44,"column":22}}],"line":25},"3":{"loc":{"start":{"line":37,"column":21},"end":{"line":43,"column":21}},"type":"binary-expr","locations":[{"start":{"line":37,"column":21},"end":{"line":37,"column":52}},{"start":{"line":38,"column":24},"end":{"line":42,"column":33}}],"line":37}},"s":{"0":1,"1":6,"2":6,"3":6,"4":2,"5":2,"6":0},"f":{"0":6,"1":2,"2":2,"3":0},"b":{"0":[6,0],"1":[4,2],"2":[6,2],"3":[2,0]},"_coverageSchema":"1a1c01bbd47fc00a2c39e90264f33305004495a9","hash":"47581e50476d5329883fe035d08f0c195f1a414c"}
,"/Users/badg/Documents/repos/fso/exercises/bloglist-frontend/src/components/BlogForm.jsx": {"path":"/Users/badg/Documents/repos/fso/exercises/bloglist-frontend/src/components/BlogForm.jsx","statementMap":{"0":{"start":{"line":3,"column":17},"end":{"line":77,"column":1}},"1":{"start":{"line":4,"column":30},"end":{"line":4,"column":42}},"2":{"start":{"line":5,"column":32},"end":{"line":5,"column":44}},"3":{"start":{"line":6,"column":26},"end":{"line":6,"column":38}},"4":{"start":{"line":8,"column":25},"end":{"line":19,"column":5}},"5":{"start":{"line":9,"column":8},"end":{"line":9,"column":30}},"6":{"start":{"line":10,"column":8},"end":{"line":14,"column":10}},"7":{"start":{"line":45,"column":4},"end":{"line":76,"column":5}},"8":{"start":{"line":53,"column":46},"end":{"line":53,"column":68}},"9":{"start":{"line":62,"column":46},"end":{"line":62,"column":69}},"10":{"start":{"line":71,"column":46},"end":{"line":71,"column":66}}},"fnMap":{"0":{"name":"(anonymous_0)","decl":{"start":{"line":3,"column":17},"end":{"line":3,"column":18}},"loc":{"start":{"line":3,"column":37},"end":{"line":77,"column":1}},"line":3},"1":{"name":"(anonymous_1)","decl":{"start":{"line":8,"column":25},"end":{"line":8,"column":26}},"loc":{"start":{"line":8,"column":31},"end":{"line":19,"column":5}},"line":8},"2":{"name":"(anonymous_2)","decl":{"start":{"line":53,"column":30},"end":{"line":53,"column":31}},"loc":{"start":{"line":53,"column":46},"end":{"line":53,"column":68}},"line":53},"3":{"name":"(anonymous_3)","decl":{"start":{"line":62,"column":30},"end":{"line":62,"column":31}},"loc":{"start":{"line":62,"column":46},"end":{"line":62,"column":69}},"line":62},"4":{"name":"(anonymous_4)","decl":{"start":{"line":71,"column":30},"end":{"line":71,"column":31}},"loc":{"start":{"line":71,"column":46},"end":{"line":71,"column":66}},"line":71}},"branchMap":{},"s":{"0":1,"1":25,"2":25,"3":25,"4":25,"5":1,"6":1,"7":25,"8":7,"9":4,"10":13},"f":{"0":25,"1":1,"2":7,"3":4,"4":13},"b":{},"_coverageSchema":"1a1c01bbd47fc00a2c39e90264f33305004495a9","hash":"c8e717186c9e11c4cbdadfac48beeb108787ae92"}
,"/Users/badg/Documents/repos/fso/exercises/bloglist-frontend/src/components/Login.jsx": {"path":"/Users/badg/Documents/repos/fso/exercises/bloglist-frontend/src/components/Login.jsx","statementMap":{"0":{"start":{"line":4,"column":21},"end":{"line":58,"column":1}},"1":{"start":{"line":5,"column":36},"end":{"line":5,"column":48}},"2":{"start":{"line":6,"column":36},"end":{"line":6,"column":48}},"3":{"start":{"line":8,"column":32},"end":{"line":10,"column":5}},"4":{"start":{"line":9,"column":8},"end":{"line":9,"column":48}},"5":{"start":{"line":12,"column":24},"end":{"line":32,"column":5}},"6":{"start":{"line":13,"column":8},"end":{"line":13,"column":30}},"7":{"start":{"line":15,"column":8},"end":{"line":31,"column":9}},"8":{"start":{"line":17,"column":29},"end":{"line":20,"column":14}},"9":{"start":{"line":22,"column":12},"end":{"line":22,"column":36}},"10":{"start":{"line":23,"column":12},"end":{"line":23,"column":78}},"11":{"start":{"line":24,"column":12},"end":{"line":24,"column":29}},"12":{"start":{"line":25,"column":12},"end":{"line":25,"column":27}},"13":{"start":{"line":26,"column":12},"end":{"line":26,"column":27}},"14":{"start":{"line":27,"column":12},"end":{"line":27,"column":83}},"15":{"start":{"line":29,"column":12},"end":{"line":29,"column":44}},"16":{"start":{"line":30,"column":12},"end":{"line":30,"column":62}},"17":{"start":{"line":33,"column":4},"end":{"line":57,"column":5}},"18":{"start":{"line":42,"column":50},"end":{"line":42,"column":75}},"19":{"start":{"line":50,"column":50},"end":{"line":50,"column":75}}},"fnMap":{"0":{"name":"(anonymous_0)","decl":{"start":{"line":4,"column":21},"end":{"line":4,"column":22}},"loc":{"start":{"line":4,"column":66},"end":{"line":58,"column":1}},"line":4},"1":{"name":"(anonymous_1)","decl":{"start":{"line":8,"column":32},"end":{"line":8,"column":33}},"loc":{"start":{"line":8,"column":49},"end":{"line":10,"column":5}},"line":8},"2":{"name":"(anonymous_2)","decl":{"start":{"line":12,"column":24},"end":{"line":12,"column":25}},"loc":{"start":{"line":12,"column":41},"end":{"line":32,"column":5}},"line":12},"3":{"name":"(anonymous_3)","decl":{"start":{"line":42,"column":34},"end":{"line":42,"column":35}},"loc":{"start":{"line":42,"column":50},"end":{"line":42,"column":75}},"line":42},"4":{"name":"(anonymous_4)","decl":{"start":{"line":50,"column":34},"end":{"line":50,"column":35}},"loc":{"start":{"line":50,"column":50},"end":{"line":50,"column":75}},"line":50}},"branchMap":{},"s":{"0":0,"1":0,"2":0,"3":0,"4":0,"5":0,"6":0,"7":0,"8":0,"9":0,"10":0,"11":0,"12":0,"13":0,"14":0,"15":0,"16":0,"17":0,"18":0,"19":0},"f":{"0":0,"1":0,"2":0,"3":0,"4":0},"b":{}}
,"/Users/badg/Documents/repos/fso/exercises/bloglist-frontend/src/components/Message.jsx": {"path":"/Users/badg/Documents/repos/fso/exercises/bloglist-frontend/src/components/Message.jsx","statementMap":{"0":{"start":{"line":3,"column":23},"end":{"line":17,"column":1}},"1":{"start":{"line":4,"column":23},"end":{"line":4,"column":50}},"2":{"start":{"line":6,"column":19},"end":{"line":14,"column":5}},"3":{"start":{"line":16,"column":4},"end":{"line":16,"column":46}}},"fnMap":{"0":{"name":"(anonymous_0)","decl":{"start":{"line":3,"column":23},"end":{"line":3,"column":24}},"loc":{"start":{"line":3,"column":51},"end":{"line":17,"column":1}},"line":3}},"branchMap":{"0":{"loc":{"start":{"line":4,"column":23},"end":{"line":4,"column":50}},"type":"cond-expr","locations":[{"start":{"line":4,"column":35},"end":{"line":4,"column":42}},{"start":{"line":4,"column":45},"end":{"line":4,"column":50}}],"line":4}},"s":{"0":0,"1":0,"2":0,"3":0},"f":{"0":0},"b":{"0":[0,0]}}
,"/Users/badg/Documents/repos/fso/exercises/bloglist-frontend/src/components/Toggleable.jsx": {"path":"/Users/badg/Documents/repos/fso/exercises/bloglist-frontend/src/components/Toggleable.jsx","statementMap":{"0":{"start":{"line":3,"column":19},"end":{"line":42,"column":2}},"1":{"start":{"line":4,"column":38},"end":{"line":4,"column":53}},"2":{"start":{"line":5,"column":21},"end":{"line":5,"column":57}},"3":{"start":{"line":6,"column":21},"end":{"line":6,"column":57}},"4":{"start":{"line":8,"column":29},"end":{"line":8,"column":59}},"5":{"start":{"line":8,"column":35},"end":{"line":8,"column":59}},"6":{"start":{"line":11,"column":4},"end":{"line":15,"column":6}},"7":{"start":{"line":12,"column":8},"end":{"line":14,"column":9}},"8":{"start":{"line":17,"column":4},"end":{"line":41,"column":5}},"9":{"start":{"line":44,"column":0},"end":{"line":44,"column":37}}},"fnMap":{"0":{"name":"(anonymous_0)","decl":{"start":{"line":3,"column":30},"end":{"line":3,"column":31}},"loc":{"start":{"line":3,"column":67},"end":{"line":42,"column":1}},"line":3},"1":{"name":"(anonymous_1)","decl":{"start":{"line":8,"column":29},"end":{"line":8,"column":30}},"loc":{"start":{"line":8,"column":35},"end":{"line":8,"column":59}},"line":8},"2":{"name":"(anonymous_2)","decl":{"start":{"line":11,"column":30},"end":{"line":11,"column":31}},"loc":{"start":{"line":11,"column":36},"end":{"line":15,"column":5}},"line":11}},"branchMap":{"0":{"loc":{"start":{"line":5,"column":32},"end":{"line":5,"column":55}},"type":"cond-expr","locations":[{"start":{"line":5,"column":44},"end":{"line":5,"column":50}},{"start":{"line":5,"column":53},"end":{"line":5,"column":55}}],"line":5},"1":{"loc":{"start":{"line":6,"column":32},"end":{"line":6,"column":55}},"type":"cond-expr","locations":[{"start":{"line":6,"column":44},"end":{"line":6,"column":46}},{"start":{"line":6,"column":49},"end":{"line":6,"column":55}}],"line":6}},"s":{"0":0,"1":0,"2":0,"3":0,"4":0,"5":0,"6":0,"7":0,"8":0,"9":0},"f":{"0":0,"1":0,"2":0},"b":{"0":[0,0],"1":[0,0]}}
,"/Users/badg/Documents/repos/fso/exercises/bloglist-frontend/src/services/blogs.js": {"path":"/Users/badg/Documents/repos/fso/exercises/bloglist-frontend/src/services/blogs.js","statementMap":{"0":{"start":{"line":2,"column":16},"end":{"line":2,"column":28}},"1":{"start":{"line":4,"column":12},"end":{"line":4,"column":14}},"2":{"start":{"line":6,"column":17},"end":{"line":8,"column":1}},"3":{"start":{"line":7,"column":4},"end":{"line":7,"column":32}},"4":{"start":{"line":10,"column":15},"end":{"line":13,"column":1}},"5":{"start":{"line":11,"column":20},"end":{"line":11,"column":38}},"6":{"start":{"line":12,"column":4},"end":{"line":12,"column":52}},"7":{"start":{"line":12,"column":38},"end":{"line":12,"column":51}},"8":{"start":{"line":15,"column":14},"end":{"line":23,"column":1}},"9":{"start":{"line":16,"column":19},"end":{"line":18,"column":5}},"10":{"start":{"line":20,"column":21},"end":{"line":20,"column":60}},"11":{"start":{"line":22,"column":4},"end":{"line":22,"column":24}},"12":{"start":{"line":25,"column":15},"end":{"line":35,"column":1}},"13":{"start":{"line":26,"column":19},"end":{"line":30,"column":5}},"14":{"start":{"line":32,"column":21},"end":{"line":32,"column":75}},"15":{"start":{"line":34,"column":4},"end":{"line":34,"column":24}},"16":{"start":{"line":37,"column":19},"end":{"line":47,"column":1}},"17":{"start":{"line":38,"column":19},"end":{"line":42,"column":5}},"18":{"start":{"line":44,"column":21},"end":{"line":44,"column":75}},"19":{"start":{"line":46,"column":4},"end":{"line":46,"column":24}}},"fnMap":{"0":{"name":"(anonymous_0)","decl":{"start":{"line":6,"column":17},"end":{"line":6,"column":18}},"loc":{"start":{"line":6,"column":31},"end":{"line":8,"column":1}},"line":6},"1":{"name":"(anonymous_1)","decl":{"start":{"line":10,"column":15},"end":{"line":10,"column":16}},"loc":{"start":{"line":10,"column":21},"end":{"line":13,"column":1}},"line":10},"2":{"name":"(anonymous_2)","decl":{"start":{"line":12,"column":24},"end":{"line":12,"column":25}},"loc":{"start":{"line":12,"column":38},"end":{"line":12,"column":51}},"line":12},"3":{"name":"(anonymous_3)","decl":{"start":{"line":15,"column":14},"end":{"line":15,"column":15}},"loc":{"start":{"line":15,"column":30},"end":{"line":23,"column":1}},"line":15},"4":{"name":"(anonymous_4)","decl":{"start":{"line":25,"column":15},"end":{"line":25,"column":16}},"loc":{"start":{"line":25,"column":31},"end":{"line":35,"column":1}},"line":25},"5":{"name":"(anonymous_5)","decl":{"start":{"line":37,"column":19},"end":{"line":37,"column":20}},"loc":{"start":{"line":37,"column":35},"end":{"line":47,"column":1}},"line":37}},"branchMap":{},"s":{"0":0,"1":0,"2":0,"3":0,"4":0,"5":0,"6":0,"7":0,"8":0,"9":0,"10":0,"11":0,"12":0,"13":0,"14":0,"15":0,"16":0,"17":0,"18":0,"19":0},"f":{"0":0,"1":0,"2":0,"3":0,"4":0,"5":0},"b":{}}
,"/Users/badg/Documents/repos/fso/exercises/bloglist-frontend/src/services/login.js": {"path":"/Users/badg/Documents/repos/fso/exercises/bloglist-frontend/src/services/login.js","statementMap":{"0":{"start":{"line":2,"column":16},"end":{"line":2,"column":28}},"1":{"start":{"line":4,"column":14},"end":{"line":8,"column":1}},"2":{"start":{"line":5,"column":21},"end":{"line":5,"column":59}},"3":{"start":{"line":7,"column":4},"end":{"line":7,"column":24}}},"fnMap":{"0":{"name":"(anonymous_0)","decl":{"start":{"line":4,"column":14},"end":{"line":4,"column":15}},"loc":{"start":{"line":4,"column":37},"end":{"line":8,"column":1}},"line":4}},"branchMap":{},"s":{"0":0,"1":0,"2":0,"3":0},"f":{"0":0},"b":{}}
}
